<?xml version="1.0" encoding="utf-8"?><testsuites><testsuite name="pytest" errors="0" failures="0" skipped="0" tests="3" time="0.154" timestamp="2023-03-08T18:16:07.539884" hostname="C02F82FMMD6N"><testcase classname="src.tests.helpers.debug_write_to_file_test" name="test_debug_write_to_file" time="0.003" /><testcase classname="src.tests.helpers.moneyify_test" name="test_moneyify" time="0.001" /><testcase classname="src.tests.helpers.setify_list_of_discts_test" name="test_setify_list_of_dicts" time="0.001" /></testsuite></testsuites>